[NX v22.6.5 Daemon Client] - 2026-04-13T16:26:53.341Z - [Client] Starting new daemon server in background
[NX v22.6.5 Daemon Client] - 2026-04-13T16:26:53.343Z - [Client] Waiting for server (max: 6000 attempts, 10ms interval)
[NX v22.6.5 Daemon Server] - 2026-04-13T16:26:53.449Z - New daemon starting from: /Users/nrgsxjb/.openclaw/workspace-akai/haelabs-monorepo/node_modules/.pnpm/nx@22.6.5/node_modules/nx/src/daemon/server/server.js
[NX v22.6.5 Daemon Server] - 2026-04-13T16:26:53.450Z - New daemon __dirname: /Users/nrgsxjb/.openclaw/workspace-akai/haelabs-monorepo/node_modules/.pnpm/nx@22.6.5/node_modules/nx/src/daemon/server
[NX v22.6.5 Daemon Server] - 2026-04-13T16:26:53.450Z - New daemon nxVersion: 22.6.5
[NX v22.6.5 Daemon Server] - 2026-04-13T16:26:53.450Z - New daemon getInstalledNxVersion(): 22.6.5
[NX v22.6.5 Daemon Server] - 2026-04-13T16:26:53.451Z - Time taken for 'workspace context init' 0.6177080000000075ms
[NX v22.6.5 Daemon Server] - 2026-04-13T16:26:53.452Z - [Server] Starting outdated check interval (20ms)
[NX v22.6.5 Daemon Server] - 2026-04-13T16:26:53.452Z - Started listening on: /private/var/folders/_x/j023qb550rx8jc2r6q5tg9_m0000gn/T/43c36875fd35c49ce67d/d.sock
[NX v22.6.5 Daemon Server] - 2026-04-13T16:26:53.453Z - [WATCHER]: Subscribed to changes within: /Users/nrgsxjb/.openclaw/workspace-akai/haelabs-monorepo (native)
[NX v22.6.5 Daemon Server] - 2026-04-13T16:26:53.453Z - [LATEST-NX]: Pulling latest Nx...
Fetching nx...
[NX v22.6.5 Daemon Server] - 2026-04-13T16:26:53.458Z - [AI-AGENTS]: Starting agent configuration status computation
[NX v22.6.5 Daemon Server] - 2026-04-13T16:26:53.461Z - Established a connection. Number of open connections: 1
[NX v22.6.5 Daemon Client] - 2026-04-13T16:26:53.461Z - [Client] Server available
[NX v22.6.5 Daemon Client] - 2026-04-13T16:26:53.461Z - [Client] Daemon server started, pid=82597
[NX v22.6.5 Daemon Client] - 2026-04-13T16:26:53.461Z - [Messenger] Setting up socket listeners
[NX v22.6.5 Daemon Client] - 2026-04-13T16:26:53.461Z - [Messenger] listen() complete
[NX v22.6.5 Daemon Server] - 2026-04-13T16:26:53.461Z - Closed a connection. Number of open connections: 0
[NX v22.6.5 Daemon Client] - 2026-04-13T16:26:53.461Z - [Messenger] Sending message type: REQUEST_PROJECT_GRAPH
[NX v22.6.5 Daemon Server] - 2026-04-13T16:26:53.462Z - Established a connection. Number of open connections: 1
[NX v22.6.5 Daemon Client] - 2026-04-13T16:26:53.462Z - [Messenger] Message sent
[NX v22.6.5 Daemon Server] - 2026-04-13T16:26:53.471Z - Received raw message of length 32
[NX v22.6.5 Daemon Server] - 2026-04-13T16:26:53.471Z - Received json message of type REQUEST_PROJECT_GRAPH
[NX v22.6.5 Daemon Server] - 2026-04-13T16:26:53.471Z - [REQUEST]: Client Request for Project Graph Received
[NX v22.6.5 Daemon Server] - 2026-04-13T16:26:53.474Z - Time taken for 'loadSpecifiedNxPlugins' 1.9535829999999947ms
[NX v22.6.5 Daemon Server] - 2026-04-13T16:26:53.516Z - [WATCHER]: Processing file changes in outputs
Time taken for 'plugin worker 82600 code loading' 63.690625000000004ms
Time taken for 'plugin worker 82599 code loading' 64.57570799999999ms
Time taken for 'plugin worker 82601 code loading' 62.97729199999999ms
[NX v22.6.5 Daemon Server] - 2026-04-13T16:26:53.574Z - Time taken for 'start-plugin-worker:/Users/nrgsxjb/.openclaw/workspace-akai/haelabs-monorepo/node_modules/.pnpm/nx@22.6.5/node_modules/nx/src/plugins/js' 101.920541ms
[NX v22.6.5 Daemon Server] - 2026-04-13T16:26:53.574Z - Time taken for 'start-plugin-worker:/Users/nrgsxjb/.openclaw/workspace-akai/haelabs-monorepo/node_modules/.pnpm/nx@22.6.5/node_modules/nx/src/plugins/package-json' 101.36958299999999ms
[NX v22.6.5 Daemon Server] - 2026-04-13T16:26:53.574Z - Time taken for 'start-plugin-worker:/Users/nrgsxjb/.openclaw/workspace-akai/haelabs-monorepo/node_modules/.pnpm/nx@22.6.5/node_modules/nx/src/plugins/project-json/build-nodes/project-json' 100.986917ms
[NX v22.6.5 Daemon Server] - 2026-04-13T16:26:53.604Z - Time taken for 'Load Nx Plugin: /Users/nrgsxjb/.openclaw/workspace-akai/haelabs-monorepo/node_modules/.pnpm/nx@22.6.5/node_modules/nx/src/plugins/project-json/build-nodes/project-json' 132.293584ms
[NX v22.6.5 Daemon Server] - 2026-04-13T16:26:53.605Z - Time taken for 'Load Nx Plugin: /Users/nrgsxjb/.openclaw/workspace-akai/haelabs-monorepo/node_modules/.pnpm/nx@22.6.5/node_modules/nx/src/plugins/package-json' 133.58191700000003ms
[NX v22.6.5 Daemon Server] - 2026-04-13T16:26:53.610Z - [REQUEST]: Updated workspace context based on watched changes, recomputing project graph...
[NX v22.6.5 Daemon Server] - 2026-04-13T16:26:53.611Z - [REQUEST]: 
[NX v22.6.5 Daemon Server] - 2026-04-13T16:26:53.611Z - [REQUEST]: 
[NX v22.6.5 Daemon Server] - 2026-04-13T16:26:53.611Z - No files changed, but no in-memory cached project graph found. Recomputing it...
[NX v22.6.5 Daemon Server] - 2026-04-13T16:26:53.613Z - Time taken for 'loadDefaultNxPlugins' 138.92837500000002ms
[NX v22.6.5 Daemon Server] - 2026-04-13T16:26:53.613Z - Time taken for 'Load Nx Plugin: /Users/nrgsxjb/.openclaw/workspace-akai/haelabs-monorepo/node_modules/.pnpm/nx@22.6.5/node_modules/nx/src/plugins/js' 138.836708ms
[NX v22.6.5 Daemon Server] - 2026-04-13T16:26:53.613Z - Time taken for 'hash changed files from watcher' 0.23983299999997598ms
Time taken for 'nx/js/dependencies-and-lockfile:createNodes' 8.465417000000016ms
[NX v22.6.5 Daemon Server] - 2026-04-13T16:26:53.633Z - Time taken for 'build-project-configs' 11.426667000000009ms
[NX v22.6.5 Daemon Server] - 2026-04-13T16:26:53.633Z - Time taken for 'createNodes:merge' 0.22170900000003257ms
[NX v22.6.5 Daemon Server] - 2026-04-13T16:26:53.633Z - Time taken for 'native-file-deps' 0.0017500000000154614ms
[NX v22.6.5 Daemon Server] - 2026-04-13T16:26:53.633Z - Time taken for 'get-workspace-files' 0.412666999999999ms
[NX v22.6.5 Daemon Server] - 2026-04-13T16:26:53.633Z - Time taken for 'get-all-workspace-files' 7.352167000000009ms
[NX v22.6.5 Daemon Server] - 2026-04-13T16:26:53.633Z - Time taken for 'read cache' 0.08845800000000281ms
Time taken for 'build typescript dependencies' 0.05741700000001515ms
[NX v22.6.5 Daemon Server] - 2026-04-13T16:26:53.638Z - [SYNC]: collect registered sync generators
[NX v22.6.5 Daemon Server] - 2026-04-13T16:26:53.639Z - Wrote project graph cache to /Users/nrgsxjb/.openclaw/workspace-akai/haelabs-monorepo/.nx/workspace-data/project-graph.json
[NX v22.6.5 Daemon Server] - 2026-04-13T16:26:53.639Z - Serializing response for REQUEST_PROJECT_GRAPH message in json mode
[NX v22.6.5 Daemon Server] - 2026-04-13T16:26:53.639Z - Responding to REQUEST_PROJECT_GRAPH message
[NX v22.6.5 Daemon Server] - 2026-04-13T16:26:53.639Z - [REQUEST]: Responding to the client. project-graph
[NX v22.6.5 Daemon Server] - 2026-04-13T16:26:53.639Z - Time taken for 'total for creating and serializing project graph' 168.101334ms
[NX v22.6.5 Daemon Server] - 2026-04-13T16:26:53.639Z - Time taken for 'total execution time for createProjectGraph()' 7.083666999999991ms
[NX v22.6.5 Daemon Server] - 2026-04-13T16:26:53.639Z - Time taken for 'createDependencies' 5.060333000000014ms
[NX v22.6.5 Daemon Server] - 2026-04-13T16:26:53.639Z - Time taken for 'nx/js/dependencies-and-lockfile:createDependencies' 4.960167000000013ms
[NX v22.6.5 Daemon Server] - 2026-04-13T16:26:53.639Z - Time taken for 'createMetadata' 0.018667000000050393ms
[NX v22.6.5 Daemon Server] - 2026-04-13T16:26:53.639Z - Time taken for 'serialize graph' 0.08216600000002927ms
[NX v22.6.5 Daemon Server] - 2026-04-13T16:26:53.639Z - Time taken for 'write cache' 0.7184169999999881ms
[NX v22.6.5 Daemon Client] - 2026-04-13T16:26:53.640Z - [Messenger] Received message, length: 42769
[NX v22.6.5 Daemon Server] - 2026-04-13T16:26:53.640Z - Done responding to the client project-graph
[NX v22.6.5 Daemon Server] - 2026-04-13T16:26:53.640Z - Handled json message REQUEST_PROJECT_GRAPH. Handling time: 168. Response time: 1.
[NX v22.6.5 Daemon Server] - 2026-04-13T16:26:53.662Z - Closed a connection. Number of open connections: 0
[NX v22.6.5 Daemon Server] - 2026-04-13T16:26:54.224Z - Established a connection. Number of open connections: 1
[NX v22.6.5 Daemon Server] - 2026-04-13T16:26:54.224Z - Closed a connection. Number of open connections: 0
[NX v22.6.5 Daemon Server] - 2026-04-13T16:26:54.224Z - Established a connection. Number of open connections: 1
[NX v22.6.5 Daemon Server] - 2026-04-13T16:26:54.225Z - Established a connection. Number of open connections: 2
[NX v22.6.5 Daemon Server] - 2026-04-13T16:26:54.225Z - Closed a connection. Number of open connections: 1
[NX v22.6.5 Daemon Client] - 2026-04-13T16:26:54.224Z - [Messenger] Setting up socket listeners
[NX v22.6.5 Daemon Client] - 2026-04-13T16:26:54.225Z - [Messenger] listen() complete
[NX v22.6.5 Daemon Client] - 2026-04-13T16:26:54.225Z - [Messenger] Sending message type: GET_NX_CONSOLE_STATUS
[NX v22.6.5 Daemon Client] - 2026-04-13T16:26:54.226Z - [Messenger] Message sent
[NX v22.6.5 Daemon Server] - 2026-04-13T16:26:54.233Z - Received raw message of length 32
[NX v22.6.5 Daemon Server] - 2026-04-13T16:26:54.233Z - Received json message of type GET_NX_CONSOLE_STATUS
[NX v22.6.5 Daemon Server] - 2026-04-13T16:26:54.233Z - Serializing response for GET_NX_CONSOLE_STATUS message in json mode
[NX v22.6.5 Daemon Server] - 2026-04-13T16:26:54.233Z - Responding to GET_NX_CONSOLE_STATUS message
[NX v22.6.5 Daemon Server] - 2026-04-13T16:26:54.233Z - [REQUEST]: Responding to the client. handleGetNxConsoleStatus
[NX v22.6.5 Daemon Server] - 2026-04-13T16:26:54.233Z - Done responding to the client handleGetNxConsoleStatus
[NX v22.6.5 Daemon Server] - 2026-04-13T16:26:54.233Z - Handled json message GET_NX_CONSOLE_STATUS. Handling time: 0. Response time: 0.
[NX v22.6.5 Daemon Client] - 2026-04-13T16:26:54.235Z - [Messenger] Received message, length: 22
[NX v22.6.5 Daemon Client] - 2026-04-13T16:26:54.244Z - [Messenger] Sending message type: REQUEST_PROJECT_GRAPH
[NX v22.6.5 Daemon Client] - 2026-04-13T16:26:54.244Z - [Messenger] Message sent
[NX v22.6.5 Daemon Server] - 2026-04-13T16:26:54.244Z - Received raw message of length 32
[NX v22.6.5 Daemon Server] - 2026-04-13T16:26:54.244Z - Received json message of type REQUEST_PROJECT_GRAPH
[NX v22.6.5 Daemon Server] - 2026-04-13T16:26:54.244Z - [REQUEST]: Client Request for Project Graph Received
[NX v22.6.5 Daemon Server] - 2026-04-13T16:26:54.244Z - Reusing in-memory cached project graph because no files changed.
[NX v22.6.5 Daemon Server] - 2026-04-13T16:26:54.244Z - Serializing response for REQUEST_PROJECT_GRAPH message in json mode
[NX v22.6.5 Daemon Server] - 2026-04-13T16:26:54.244Z - Responding to REQUEST_PROJECT_GRAPH message
[NX v22.6.5 Daemon Server] - 2026-04-13T16:26:54.244Z - [REQUEST]: Responding to the client. project-graph
[NX v22.6.5 Daemon Server] - 2026-04-13T16:26:54.244Z - Time taken for 'total for creating and serializing project graph' 0.1737910000000511ms
[NX v22.6.5 Daemon Server] - 2026-04-13T16:26:54.245Z - Done responding to the client project-graph
[NX v22.6.5 Daemon Server] - 2026-04-13T16:26:54.245Z - Handled json message REQUEST_PROJECT_GRAPH. Handling time: 0. Response time: 1.
[NX v22.6.5 Daemon Client] - 2026-04-13T16:26:54.245Z - [Messenger] Received message, length: 42769
[NX v22.6.5 Daemon Server] - 2026-04-13T16:26:54.266Z - Closed a connection. Number of open connections: 0
[NX v22.6.5 Daemon Server] - 2026-04-13T16:26:54.774Z - Established a connection. Number of open connections: 1
[NX v22.6.5 Daemon Server] - 2026-04-13T16:26:54.775Z - Closed a connection. Number of open connections: 0
[NX v22.6.5 Daemon Server] - 2026-04-13T16:26:54.775Z - Established a connection. Number of open connections: 1
[NX v22.6.5 Daemon Server] - 2026-04-13T16:26:54.775Z - Established a connection. Number of open connections: 2
[NX v22.6.5 Daemon Server] - 2026-04-13T16:26:54.776Z - Closed a connection. Number of open connections: 1
[NX v22.6.5 Daemon Client] - 2026-04-13T16:26:54.775Z - [Messenger] Setting up socket listeners
[NX v22.6.5 Daemon Client] - 2026-04-13T16:26:54.776Z - [Messenger] listen() complete
[NX v22.6.5 Daemon Client] - 2026-04-13T16:26:54.776Z - [Messenger] Sending message type: GET_NX_CONSOLE_STATUS
[NX v22.6.5 Daemon Client] - 2026-04-13T16:26:54.777Z - [Messenger] Message sent
[NX v22.6.5 Daemon Server] - 2026-04-13T16:26:54.785Z - Received raw message of length 32
[NX v22.6.5 Daemon Server] - 2026-04-13T16:26:54.785Z - Received json message of type GET_NX_CONSOLE_STATUS
[NX v22.6.5 Daemon Server] - 2026-04-13T16:26:54.785Z - Serializing response for GET_NX_CONSOLE_STATUS message in json mode
[NX v22.6.5 Daemon Server] - 2026-04-13T16:26:54.785Z - Responding to GET_NX_CONSOLE_STATUS message
[NX v22.6.5 Daemon Server] - 2026-04-13T16:26:54.785Z - [REQUEST]: Responding to the client. handleGetNxConsoleStatus
[NX v22.6.5 Daemon Server] - 2026-04-13T16:26:54.786Z - Done responding to the client handleGetNxConsoleStatus
[NX v22.6.5 Daemon Server] - 2026-04-13T16:26:54.786Z - Handled json message GET_NX_CONSOLE_STATUS. Handling time: 0. Response time: 1.
[NX v22.6.5 Daemon Client] - 2026-04-13T16:26:54.787Z - [Messenger] Received message, length: 22
[NX v22.6.5 Daemon Client] - 2026-04-13T16:26:54.796Z - [Messenger] Sending message type: REQUEST_PROJECT_GRAPH
[NX v22.6.5 Daemon Client] - 2026-04-13T16:26:54.796Z - [Messenger] Message sent
[NX v22.6.5 Daemon Server] - 2026-04-13T16:26:54.796Z - Received raw message of length 32
[NX v22.6.5 Daemon Server] - 2026-04-13T16:26:54.796Z - Received json message of type REQUEST_PROJECT_GRAPH
[NX v22.6.5 Daemon Server] - 2026-04-13T16:26:54.796Z - [REQUEST]: Client Request for Project Graph Received
[NX v22.6.5 Daemon Server] - 2026-04-13T16:26:54.796Z - Reusing in-memory cached project graph because no files changed.
[NX v22.6.5 Daemon Server] - 2026-04-13T16:26:54.796Z - Serializing response for REQUEST_PROJECT_GRAPH message in json mode
[NX v22.6.5 Daemon Server] - 2026-04-13T16:26:54.796Z - Responding to REQUEST_PROJECT_GRAPH message
[NX v22.6.5 Daemon Server] - 2026-04-13T16:26:54.796Z - [REQUEST]: Responding to the client. project-graph
[NX v22.6.5 Daemon Server] - 2026-04-13T16:26:54.796Z - Time taken for 'total for creating and serializing project graph' 0.11391700000012861ms
[NX v22.6.5 Daemon Server] - 2026-04-13T16:26:54.796Z - Done responding to the client project-graph
[NX v22.6.5 Daemon Server] - 2026-04-13T16:26:54.796Z - Handled json message REQUEST_PROJECT_GRAPH. Handling time: 0. Response time: 0.
[NX v22.6.5 Daemon Client] - 2026-04-13T16:26:54.796Z - [Messenger] Received message, length: 42769
[NX v22.6.5 Daemon Server] - 2026-04-13T16:26:54.818Z - Closed a connection. Number of open connections: 0
[NX v22.6.5 Daemon Server] - 2026-04-13T16:26:55.339Z - Established a connection. Number of open connections: 1
[NX v22.6.5 Daemon Server] - 2026-04-13T16:26:55.340Z - Closed a connection. Number of open connections: 0
[NX v22.6.5 Daemon Server] - 2026-04-13T16:26:55.340Z - Established a connection. Number of open connections: 1
[NX v22.6.5 Daemon Server] - 2026-04-13T16:26:55.340Z - Closed a connection. Number of open connections: 0
[NX v22.6.5 Daemon Server] - 2026-04-13T16:26:55.340Z - Established a connection. Number of open connections: 1
[NX v22.6.5 Daemon Client] - 2026-04-13T16:26:55.340Z - [Messenger] Setting up socket listeners
[NX v22.6.5 Daemon Client] - 2026-04-13T16:26:55.341Z - [Messenger] listen() complete
[NX v22.6.5 Daemon Client] - 2026-04-13T16:26:55.341Z - [Messenger] Sending message type: GET_NX_CONSOLE_STATUS
[NX v22.6.5 Daemon Client] - 2026-04-13T16:26:55.342Z - [Messenger] Message sent
[NX v22.6.5 Daemon Server] - 2026-04-13T16:26:55.349Z - Received raw message of length 32
[NX v22.6.5 Daemon Server] - 2026-04-13T16:26:55.349Z - Received json message of type GET_NX_CONSOLE_STATUS
[NX v22.6.5 Daemon Server] - 2026-04-13T16:26:55.349Z - Serializing response for GET_NX_CONSOLE_STATUS message in json mode
[NX v22.6.5 Daemon Server] - 2026-04-13T16:26:55.349Z - Responding to GET_NX_CONSOLE_STATUS message
[NX v22.6.5 Daemon Server] - 2026-04-13T16:26:55.349Z - [REQUEST]: Responding to the client. handleGetNxConsoleStatus
[NX v22.6.5 Daemon Server] - 2026-04-13T16:26:55.349Z - Done responding to the client handleGetNxConsoleStatus
[NX v22.6.5 Daemon Server] - 2026-04-13T16:26:55.349Z - Handled json message GET_NX_CONSOLE_STATUS. Handling time: 0. Response time: 0.
[NX v22.6.5 Daemon Client] - 2026-04-13T16:26:55.350Z - [Messenger] Received message, length: 22
[NX v22.6.5 Daemon Client] - 2026-04-13T16:26:55.360Z - [Messenger] Sending message type: REQUEST_PROJECT_GRAPH
[NX v22.6.5 Daemon Client] - 2026-04-13T16:26:55.360Z - [Messenger] Message sent
[NX v22.6.5 Daemon Server] - 2026-04-13T16:26:55.360Z - Received raw message of length 32
[NX v22.6.5 Daemon Server] - 2026-04-13T16:26:55.360Z - Received json message of type REQUEST_PROJECT_GRAPH
[NX v22.6.5 Daemon Server] - 2026-04-13T16:26:55.360Z - [REQUEST]: Client Request for Project Graph Received
[NX v22.6.5 Daemon Server] - 2026-04-13T16:26:55.360Z - Reusing in-memory cached project graph because no files changed.
[NX v22.6.5 Daemon Server] - 2026-04-13T16:26:55.360Z - Serializing response for REQUEST_PROJECT_GRAPH message in json mode
[NX v22.6.5 Daemon Server] - 2026-04-13T16:26:55.360Z - Responding to REQUEST_PROJECT_GRAPH message
[NX v22.6.5 Daemon Server] - 2026-04-13T16:26:55.360Z - [REQUEST]: Responding to the client. project-graph
[NX v22.6.5 Daemon Server] - 2026-04-13T16:26:55.360Z - Time taken for 'total for creating and serializing project graph' 0.14124999999989996ms
[NX v22.6.5 Daemon Server] - 2026-04-13T16:26:55.360Z - Done responding to the client project-graph
[NX v22.6.5 Daemon Server] - 2026-04-13T16:26:55.360Z - Handled json message REQUEST_PROJECT_GRAPH. Handling time: 0. Response time: 0.
[NX v22.6.5 Daemon Client] - 2026-04-13T16:26:55.360Z - [Messenger] Received message, length: 42769
[NX v22.6.5 Daemon Server] - 2026-04-13T16:26:55.381Z - Closed a connection. Number of open connections: 0
[NX v22.6.5 Daemon Server] - 2026-04-13T16:26:55.889Z - Established a connection. Number of open connections: 1
[NX v22.6.5 Daemon Server] - 2026-04-13T16:26:55.890Z - Closed a connection. Number of open connections: 0
[NX v22.6.5 Daemon Server] - 2026-04-13T16:26:55.890Z - Established a connection. Number of open connections: 1
[NX v22.6.5 Daemon Server] - 2026-04-13T16:26:55.890Z - Established a connection. Number of open connections: 2
[NX v22.6.5 Daemon Server] - 2026-04-13T16:26:55.890Z - Closed a connection. Number of open connections: 1
[NX v22.6.5 Daemon Client] - 2026-04-13T16:26:55.890Z - [Messenger] Setting up socket listeners
[NX v22.6.5 Daemon Client] - 2026-04-13T16:26:55.891Z - [Messenger] listen() complete
[NX v22.6.5 Daemon Client] - 2026-04-13T16:26:55.891Z - [Messenger] Sending message type: GET_NX_CONSOLE_STATUS
[NX v22.6.5 Daemon Client] - 2026-04-13T16:26:55.891Z - [Messenger] Message sent
[NX v22.6.5 Daemon Server] - 2026-04-13T16:26:55.899Z - Received raw message of length 32
[NX v22.6.5 Daemon Server] - 2026-04-13T16:26:55.899Z - Received json message of type GET_NX_CONSOLE_STATUS
[NX v22.6.5 Daemon Server] - 2026-04-13T16:26:55.899Z - Serializing response for GET_NX_CONSOLE_STATUS message in json mode
[NX v22.6.5 Daemon Server] - 2026-04-13T16:26:55.899Z - Responding to GET_NX_CONSOLE_STATUS message
[NX v22.6.5 Daemon Server] - 2026-04-13T16:26:55.900Z - [REQUEST]: Responding to the client. handleGetNxConsoleStatus
[NX v22.6.5 Daemon Server] - 2026-04-13T16:26:55.900Z - Done responding to the client handleGetNxConsoleStatus
[NX v22.6.5 Daemon Server] - 2026-04-13T16:26:55.900Z - Handled json message GET_NX_CONSOLE_STATUS. Handling time: 0. Response time: 1.
[NX v22.6.5 Daemon Client] - 2026-04-13T16:26:55.901Z - [Messenger] Received message, length: 22
[NX v22.6.5 Daemon Client] - 2026-04-13T16:26:55.910Z - [Messenger] Sending message type: REQUEST_PROJECT_GRAPH
[NX v22.6.5 Daemon Client] - 2026-04-13T16:26:55.910Z - [Messenger] Message sent
[NX v22.6.5 Daemon Server] - 2026-04-13T16:26:55.910Z - Received raw message of length 32
[NX v22.6.5 Daemon Server] - 2026-04-13T16:26:55.910Z - Received json message of type REQUEST_PROJECT_GRAPH
[NX v22.6.5 Daemon Server] - 2026-04-13T16:26:55.910Z - [REQUEST]: Client Request for Project Graph Received
[NX v22.6.5 Daemon Server] - 2026-04-13T16:26:55.910Z - Reusing in-memory cached project graph because no files changed.
[NX v22.6.5 Daemon Server] - 2026-04-13T16:26:55.910Z - Serializing response for REQUEST_PROJECT_GRAPH message in json mode
[NX v22.6.5 Daemon Server] - 2026-04-13T16:26:55.910Z - Responding to REQUEST_PROJECT_GRAPH message
[NX v22.6.5 Daemon Server] - 2026-04-13T16:26:55.910Z - [REQUEST]: Responding to the client. project-graph
[NX v22.6.5 Daemon Server] - 2026-04-13T16:26:55.910Z - Time taken for 'total for creating and serializing project graph' 0.13620899999978064ms
[NX v22.6.5 Daemon Server] - 2026-04-13T16:26:55.910Z - Done responding to the client project-graph
[NX v22.6.5 Daemon Server] - 2026-04-13T16:26:55.910Z - Handled json message REQUEST_PROJECT_GRAPH. Handling time: 0. Response time: 0.
[NX v22.6.5 Daemon Client] - 2026-04-13T16:26:55.910Z - [Messenger] Received message, length: 42769
[NX v22.6.5 Daemon Server] - 2026-04-13T16:26:55.931Z - Closed a connection. Number of open connections: 0
[NX v22.6.5 Daemon Server] - 2026-04-13T16:26:57.654Z - [LATEST-NX]: Successfully pulled latest Nx to /private/var/folders/_x/j023qb550rx8jc2r6q5tg9_m0000gn/T/tmp-82597-tYE7P8QjKuJZ
[NX v22.6.5 Daemon Server] - 2026-04-13T16:26:57.765Z - [NX-CONSOLE]: Using local implementation (NX_USE_LOCAL=true or inner call)
DEBUG nx::native::ide::install: Detected editor: Unknown
[NX v22.6.5 Daemon Server] - 2026-04-13T16:26:57.766Z - [NX-CONSOLE]: Console status check completed, shouldPrompt: false
DEBUG nx::native::ide::install: Editor command 'code' is installed
DEBUG nx::native::ide::install: Editor command 'code-insiders' not found
DEBUG nx::native::ide::install: Checking if Nx Console extension is installed with: code --list-extensions
DEBUG nx::native::ide::install: Nx Console extension is not installed
DEBUG nx::native::ide::install: Editor command 'cursor' not found
DEBUG nx::native::ide::install: Checking if Nx Console extension is installed with: cursor --list-extensions
DEBUG nx::native::ide::install: Command 'cursor' not found, cannot check extension status
[NX v22.6.5 Daemon Server] - 2026-04-13T16:26:58.469Z - [AI-AGENTS]: Agent configuration status computation completed: 0 fully configured, 0 outdated, 3 partially configured, 2 non-configured
[NX v22.6.5 Daemon Server] - 2026-04-13T16:27:06.074Z - [WATCHER]: .planning/REQUIREMENTS.md was modified
[NX v22.6.5 Daemon Server] - 2026-04-13T16:27:06.074Z - [SYNC]: clearing sync generators cache due to file changes
[NX v22.6.5 Daemon Server] - 2026-04-13T16:27:06.075Z - [WATCHER]: Processing file changes in outputs
[NX v22.6.5 Daemon Server] - 2026-04-13T16:27:06.177Z - [REQUEST]: Updated workspace context based on watched changes, recomputing project graph...
[NX v22.6.5 Daemon Server] - 2026-04-13T16:27:06.177Z - [REQUEST]: .planning/REQUIREMENTS.md
[NX v22.6.5 Daemon Server] - 2026-04-13T16:27:06.177Z - [REQUEST]: 
[NX v22.6.5 Daemon Server] - 2026-04-13T16:27:06.190Z - Time taken for 'hash changed files from watcher' 1.0034169999998994ms
Time taken for 'plugin worker 82845 code loading' 70.350167ms
Time taken for 'plugin worker 82843 code loading' 70.221083ms
Time taken for 'plugin worker 82844 code loading' 70.643666ms
[NX v22.6.5 Daemon Server] - 2026-04-13T16:27:06.316Z - Time taken for 'start-plugin-worker:nx/js/dependencies-and-lockfile' 135.98324999999932ms
[NX v22.6.5 Daemon Server] - 2026-04-13T16:27:06.316Z - Time taken for 'start-plugin-worker:nx/core/package-json' 131.5962500000005ms
[NX v22.6.5 Daemon Server] - 2026-04-13T16:27:06.316Z - Time taken for 'start-plugin-worker:nx/core/project-json' 128.71837500000038ms
Time taken for 'nx/js/dependencies-and-lockfile:createNodes' 0.860291999999987ms
[NX v22.6.5 Daemon Server] - 2026-04-13T16:27:06.351Z - Time taken for 'build-project-configs' 171.18391599999995ms
[NX v22.6.5 Daemon Server] - 2026-04-13T16:27:06.351Z - Time taken for 'createNodes:merge' 0.05929100000139442ms
[NX v22.6.5 Daemon Server] - 2026-04-13T16:27:06.351Z - Time taken for 'get-all-workspace-files' 0.18045899999924586ms
Time taken for 'build typescript dependencies' 0.05333399999997823ms
[NX v22.6.5 Daemon Server] - 2026-04-13T16:27:06.353Z - [SYNC]: collect registered sync generators
[NX v22.6.5 Daemon Server] - 2026-04-13T16:27:06.353Z - [SYNC]: project graph hash is the same, not collecting task sync generators
[NX v22.6.5 Daemon Server] - 2026-04-13T16:27:06.353Z - [SYNC]: nx.json hash is the same, not collecting global sync generators
[NX v22.6.5 Daemon Server] - 2026-04-13T16:27:06.353Z - Time taken for 'total execution time for createProjectGraph()' 2.3360830000001442ms
[NX v22.6.5 Daemon Server] - 2026-04-13T16:27:06.353Z - Time taken for 'createDependencies' 1.570665999999619ms
[NX v22.6.5 Daemon Server] - 2026-04-13T16:27:06.353Z - Time taken for 'nx/js/dependencies-and-lockfile:createDependencies' 1.535249999998996ms
[NX v22.6.5 Daemon Server] - 2026-04-13T16:27:06.353Z - Time taken for 'createMetadata' 0.008125000000291038ms
[NX v22.6.5 Daemon Server] - 2026-04-13T16:27:06.353Z - Time taken for 'serialize graph' 0.07583300000078452ms
[NX v22.6.5 Daemon Server] - 2026-04-13T16:27:13.768Z - [WATCHER]: Processing file changes in outputs
[NX v22.6.5 Daemon Server] - 2026-04-13T16:27:13.769Z - [WATCHER]: .planning/STATE.md was modified
[NX v22.6.5 Daemon Server] - 2026-04-13T16:27:13.769Z - [SYNC]: clearing sync generators cache due to file changes
[NX v22.6.5 Daemon Server] - 2026-04-13T16:27:13.973Z - [REQUEST]: Updated workspace context based on watched changes, recomputing project graph...
[NX v22.6.5 Daemon Server] - 2026-04-13T16:27:13.973Z - [REQUEST]: .planning/STATE.md
[NX v22.6.5 Daemon Server] - 2026-04-13T16:27:13.973Z - [REQUEST]: 
[NX v22.6.5 Daemon Server] - 2026-04-13T16:27:13.983Z - Time taken for 'hash changed files from watcher' 1.206624999998894ms
Time taken for 'plugin worker 82857 code loading' 66.654333ms
Time taken for 'plugin worker 82858 code loading' 65.302292ms
Time taken for 'plugin worker 82859 code loading' 66.139667ms
[NX v22.6.5 Daemon Server] - 2026-04-13T16:27:14.104Z - Time taken for 'start-plugin-worker:nx/js/dependencies-and-lockfile' 128.38400000000183ms
[NX v22.6.5 Daemon Server] - 2026-04-13T16:27:14.104Z - Time taken for 'start-plugin-worker:nx/core/package-json' 125.2879580000008ms
[NX v22.6.5 Daemon Server] - 2026-04-13T16:27:14.104Z - Time taken for 'start-plugin-worker:nx/core/project-json' 123.36462500000198ms
Time taken for 'nx/js/dependencies-and-lockfile:createNodes' 0.8875000000000028ms
[NX v22.6.5 Daemon Server] - 2026-04-13T16:27:14.138Z - Time taken for 'build-project-configs' 161.62341599999854ms
[NX v22.6.5 Daemon Server] - 2026-04-13T16:27:14.138Z - Time taken for 'createNodes:merge' 0.06733399999939138ms
[NX v22.6.5 Daemon Server] - 2026-04-13T16:27:14.138Z - Time taken for 'get-all-workspace-files' 0.09816700000010314ms
Time taken for 'build typescript dependencies' 0.05370800000000031ms
[NX v22.6.5 Daemon Server] - 2026-04-13T16:27:14.140Z - [SYNC]: collect registered sync generators
[NX v22.6.5 Daemon Server] - 2026-04-13T16:27:14.140Z - [SYNC]: project graph hash is the same, not collecting task sync generators
[NX v22.6.5 Daemon Server] - 2026-04-13T16:27:14.140Z - [SYNC]: nx.json hash is the same, not collecting global sync generators
[NX v22.6.5 Daemon Server] - 2026-04-13T16:27:14.140Z - Time taken for 'total execution time for createProjectGraph()' 2.9859160000014526ms
[NX v22.6.5 Daemon Server] - 2026-04-13T16:27:14.140Z - Time taken for 'createDependencies' 2.1647909999992407ms
[NX v22.6.5 Daemon Server] - 2026-04-13T16:27:14.140Z - Time taken for 'nx/js/dependencies-and-lockfile:createDependencies' 2.0933339999974123ms
[NX v22.6.5 Daemon Server] - 2026-04-13T16:27:14.140Z - Time taken for 'createMetadata' 0.03400000000328873ms
[NX v22.6.5 Daemon Server] - 2026-04-13T16:27:14.140Z - Time taken for 'serialize graph' 0.20395800000187592ms
[NX v22.6.5 Daemon Server] - 2026-04-13T16:29:11.759Z - [WATCHER]: Processing file changes in outputs
[NX v22.6.5 Daemon Server] - 2026-04-13T16:30:18.882Z - [WATCHER]: Processing file changes in outputs
[NX v22.6.5 Daemon Server] - 2026-04-13T16:30:18.882Z - [WATCHER]: 3 file(s) created or restored, 0 file(s) modified, 0 file(s) deleted
[NX v22.6.5 Daemon Server] - 2026-04-13T16:30:18.882Z - [SYNC]: clearing sync generators cache due to file changes
[NX v22.6.5 Daemon Server] - 2026-04-13T16:30:18.985Z - [REQUEST]: Updated workspace context based on watched changes, recomputing project graph...
[NX v22.6.5 Daemon Server] - 2026-04-13T16:30:18.985Z - [REQUEST]: packages/.gitkeep,tools/.gitkeep,apps/.gitkeep
[NX v22.6.5 Daemon Server] - 2026-04-13T16:30:18.985Z - [REQUEST]: 
[NX v22.6.5 Daemon Server] - 2026-04-13T16:30:18.996Z - Time taken for 'hash changed files from watcher' 1.1254170000029262ms
Time taken for 'plugin worker 83135 code loading' 68.363375ms
Time taken for 'plugin worker 83134 code loading' 69.127375ms
Time taken for 'plugin worker 83133 code loading' 68.376667ms
[NX v22.6.5 Daemon Server] - 2026-04-13T16:30:19.118Z - Time taken for 'start-plugin-worker:nx/js/dependencies-and-lockfile' 130.39016700000502ms
[NX v22.6.5 Daemon Server] - 2026-04-13T16:30:19.118Z - Time taken for 'start-plugin-worker:nx/core/package-json' 126.09887499999604ms
[NX v22.6.5 Daemon Server] - 2026-04-13T16:30:19.118Z - Time taken for 'start-plugin-worker:nx/core/project-json' 123.93729099998018ms
Time taken for 'nx/js/dependencies-and-lockfile:createNodes' 0.9324589999999944ms
[NX v22.6.5 Daemon Server] - 2026-04-13T16:30:19.154Z - Time taken for 'build-project-configs' 165.8082080000022ms
[NX v22.6.5 Daemon Server] - 2026-04-13T16:30:19.154Z - Time taken for 'createNodes:merge' 0.07379200001014397ms
[NX v22.6.5 Daemon Server] - 2026-04-13T16:30:19.154Z - Time taken for 'get-all-workspace-files' 0.1910830000124406ms
Time taken for 'build typescript dependencies' 0.056250000000005684ms
[NX v22.6.5 Daemon Server] - 2026-04-13T16:30:19.155Z - [SYNC]: collect registered sync generators
[NX v22.6.5 Daemon Server] - 2026-04-13T16:30:19.155Z - [SYNC]: project graph hash is the same, not collecting task sync generators
[NX v22.6.5 Daemon Server] - 2026-04-13T16:30:19.156Z - [SYNC]: nx.json hash is the same, not collecting global sync generators
[NX v22.6.5 Daemon Server] - 2026-04-13T16:30:19.156Z - Time taken for 'total execution time for createProjectGraph()' 2.5539170000120066ms
[NX v22.6.5 Daemon Server] - 2026-04-13T16:30:19.156Z - Time taken for 'createDependencies' 1.811041999986628ms
[NX v22.6.5 Daemon Server] - 2026-04-13T16:30:19.156Z - Time taken for 'nx/js/dependencies-and-lockfile:createDependencies' 1.77554100000998ms
[NX v22.6.5 Daemon Server] - 2026-04-13T16:30:19.156Z - Time taken for 'createMetadata' 0.00958300000638701ms
[NX v22.6.5 Daemon Server] - 2026-04-13T16:30:19.156Z - Time taken for 'serialize graph' 0.0771670000103768ms
[NX v22.6.5 Daemon Server] - 2026-04-13T16:30:57.342Z - [Server] lock file hash changed! old=6699055561263821614, new=3244421341483603138
[NX v22.6.5 Daemon Server] - 2026-04-13T16:30:57.343Z - [Server] Daemon outdated: LOCK_FILES_CHANGED
[NX v22.6.5 Daemon Server] - 2026-04-13T16:30:57.343Z - [Server] Restarting daemon...
[NX v22.6.5 Daemon Server] - 2026-04-13T16:30:57.343Z - Restarting daemon with script: /Users/nrgsxjb/.openclaw/workspace-akai/haelabs-monorepo/node_modules/.pnpm/nx@22.6.5/node_modules/nx/src/daemon/server/start.js
[NX v22.6.5 Daemon Server] - 2026-04-13T16:30:57.343Z - Old daemon __dirname: /Users/nrgsxjb/.openclaw/workspace-akai/haelabs-monorepo/node_modules/.pnpm/nx@22.6.5/node_modules/nx/src/daemon/server
[NX v22.6.5 Daemon Server] - 2026-04-13T16:30:57.343Z - Current process.execPath: /Users/nrgsxjb/.nvm/versions/node/v24.14.1/bin/node
[NX v22.6.5 Daemon Server] - 2026-04-13T16:30:57.344Z - Started new daemon process in background
[NX v22.6.5 Daemon Server] - 2026-04-13T16:30:57.344Z - [WATCHER]: Stopping the watcher for /Users/nrgsxjb/.openclaw/workspace-akai/haelabs-monorepo (sources)
[NX v22.6.5 Daemon Server] - 2026-04-13T16:30:57.344Z - [WATCHER]: Stopping the watcher for /Users/nrgsxjb/.openclaw/workspace-akai/haelabs-monorepo (outputs)
[NX v22.6.5 Daemon Server] - 2026-04-13T16:30:57.344Z - [LATEST-NX]: Cleaning up latest Nx installation from /private/var/folders/_x/j023qb550rx8jc2r6q5tg9_m0000gn/T/tmp-82597-tYE7P8QjKuJZ
[NX v22.6.5 Daemon Server] - 2026-04-13T16:30:57.344Z - Server stopped because: "LOCK_FILES_CHANGED"
[NX v22.6.5 Daemon Server] - 2026-04-13T16:30:57.452Z - New daemon starting from: /Users/nrgsxjb/.openclaw/workspace-akai/haelabs-monorepo/node_modules/.pnpm/nx@22.6.5/node_modules/nx/src/daemon/server/server.js
[NX v22.6.5 Daemon Server] - 2026-04-13T16:30:57.453Z - New daemon __dirname: /Users/nrgsxjb/.openclaw/workspace-akai/haelabs-monorepo/node_modules/.pnpm/nx@22.6.5/node_modules/nx/src/daemon/server
[NX v22.6.5 Daemon Server] - 2026-04-13T16:30:57.453Z - New daemon nxVersion: 22.6.5
[NX v22.6.5 Daemon Server] - 2026-04-13T16:30:57.453Z - New daemon getInstalledNxVersion(): 22.6.5
[NX v22.6.5 Daemon Server] - 2026-04-13T16:30:57.453Z - Time taken for 'workspace context init' 0.27037500000000136ms
[NX v22.6.5 Daemon Server] - 2026-04-13T16:30:57.454Z - [Server] Starting outdated check interval (20ms)
[NX v22.6.5 Daemon Server] - 2026-04-13T16:30:57.455Z - Started listening on: /private/var/folders/_x/j023qb550rx8jc2r6q5tg9_m0000gn/T/4f80c1edef7f2aeec9e9/d.sock
[NX v22.6.5 Daemon Server] - 2026-04-13T16:30:57.455Z - [WATCHER]: Subscribed to changes within: /Users/nrgsxjb/.openclaw/workspace-akai/haelabs-monorepo (native)
[NX v22.6.5 Daemon Server] - 2026-04-13T16:30:57.455Z - [LATEST-NX]: Pulling latest Nx...
Fetching nx...
[NX v22.6.5 Daemon Server] - 2026-04-13T16:30:57.970Z - [AI-AGENTS]: Starting agent configuration status computation
[NX v22.6.5 Daemon Server] - 2026-04-13T16:30:57.973Z - [WATCHER]: Processing file changes in outputs
[NX v22.6.5 Daemon Server] - 2026-04-13T16:30:57.975Z - Time taken for 'loadSpecifiedNxPlugins' 2.08562500000005ms
Time taken for 'plugin worker 83582 code loading' 64.3335ms
Time taken for 'plugin worker 83583 code loading' 62.337374999999994ms
Time taken for 'plugin worker 83581 code loading' 66.910875ms
[NX v22.6.5 Daemon Server] - 2026-04-13T16:30:58.068Z - Time taken for 'start-plugin-worker:/Users/nrgsxjb/.openclaw/workspace-akai/haelabs-monorepo/node_modules/.pnpm/nx@22.6.5/node_modules/nx/src/plugins/js' 95.70716700000003ms
[NX v22.6.5 Daemon Server] - 2026-04-13T16:30:58.068Z - Time taken for 'start-plugin-worker:/Users/nrgsxjb/.openclaw/workspace-akai/haelabs-monorepo/node_modules/.pnpm/nx@22.6.5/node_modules/nx/src/plugins/package-json' 95.16579100000001ms
[NX v22.6.5 Daemon Server] - 2026-04-13T16:30:58.068Z - Time taken for 'start-plugin-worker:/Users/nrgsxjb/.openclaw/workspace-akai/haelabs-monorepo/node_modules/.pnpm/nx@22.6.5/node_modules/nx/src/plugins/project-json/build-nodes/project-json' 94.76445799999999ms
[NX v22.6.5 Daemon Server] - 2026-04-13T16:30:58.094Z - Time taken for 'Load Nx Plugin: /Users/nrgsxjb/.openclaw/workspace-akai/haelabs-monorepo/node_modules/.pnpm/nx@22.6.5/node_modules/nx/src/plugins/project-json/build-nodes/project-json' 123.016208ms
[NX v22.6.5 Daemon Server] - 2026-04-13T16:30:58.096Z - Time taken for 'Load Nx Plugin: /Users/nrgsxjb/.openclaw/workspace-akai/haelabs-monorepo/node_modules/.pnpm/nx@22.6.5/node_modules/nx/src/plugins/package-json' 124.69154099999992ms
[NX v22.6.5 Daemon Server] - 2026-04-13T16:30:58.099Z - [REQUEST]: Updated workspace context based on watched changes, recomputing project graph...
[NX v22.6.5 Daemon Server] - 2026-04-13T16:30:58.100Z - [REQUEST]: 
[NX v22.6.5 Daemon Server] - 2026-04-13T16:30:58.100Z - [REQUEST]: 
[NX v22.6.5 Daemon Server] - 2026-04-13T16:30:58.100Z - Time taken for 'loadDefaultNxPlugins' 128.61533299999996ms
[NX v22.6.5 Daemon Server] - 2026-04-13T16:30:58.100Z - Time taken for 'Load Nx Plugin: /Users/nrgsxjb/.openclaw/workspace-akai/haelabs-monorepo/node_modules/.pnpm/nx@22.6.5/node_modules/nx/src/plugins/js' 128.51249999999993ms
[NX v22.6.5 Daemon Server] - 2026-04-13T16:30:58.100Z - Time taken for 'hash changed files from watcher' 0.20804199999997763ms
Time taken for 'nx/js/dependencies-and-lockfile:createNodes' 0.09795799999999133ms
[NX v22.6.5 Daemon Server] - 2026-04-13T16:30:58.111Z - Time taken for 'build-project-configs' 2.0723749999999654ms
[NX v22.6.5 Daemon Server] - 2026-04-13T16:30:58.111Z - Time taken for 'createNodes:merge' 0.13283400000000256ms
[NX v22.6.5 Daemon Server] - 2026-04-13T16:30:58.111Z - Time taken for 'native-file-deps' 0.00333299999999781ms
[NX v22.6.5 Daemon Server] - 2026-04-13T16:30:58.111Z - Time taken for 'get-workspace-files' 0.4010410000000775ms
[NX v22.6.5 Daemon Server] - 2026-04-13T16:30:58.111Z - Time taken for 'get-all-workspace-files' 7.361875000000055ms
[NX v22.6.5 Daemon Server] - 2026-04-13T16:30:58.111Z - Time taken for 'read cache' 0.1934159999999565ms
[NX v22.6.5 Daemon Server] - 2026-04-13T16:30:58.113Z - [SYNC]: collect registered sync generators
[NX v22.6.5 Daemon Server] - 2026-04-13T16:30:58.113Z - Time taken for 'total execution time for createProjectGraph()' 2.709292000000005ms
[NX v22.6.5 Daemon Server] - 2026-04-13T16:30:58.113Z - Time taken for 'createDependencies' 1.5060000000000855ms
[NX v22.6.5 Daemon Server] - 2026-04-13T16:30:58.113Z - Time taken for 'nx/js/dependencies-and-lockfile:createDependencies' 1.4178329999999733ms
[NX v22.6.5 Daemon Server] - 2026-04-13T16:30:58.113Z - Time taken for 'createMetadata' 0.02045799999996234ms
[NX v22.6.5 Daemon Server] - 2026-04-13T16:30:58.113Z - Time taken for 'serialize graph' 0.0029590000000325745ms
[NX v22.6.5 Daemon Server] - 2026-04-13T16:31:02.594Z - [LATEST-NX]: Successfully pulled latest Nx to /private/var/folders/_x/j023qb550rx8jc2r6q5tg9_m0000gn/T/tmp-83574-V4eStcb78Mzw
[NX v22.6.5 Daemon Server] - 2026-04-13T16:31:02.709Z - [NX-CONSOLE]: Using local implementation (NX_USE_LOCAL=true or inner call)
DEBUG nx::native::ide::install: Detected editor: Unknown
[NX v22.6.5 Daemon Server] - 2026-04-13T16:31:02.709Z - [NX-CONSOLE]: Console status check completed, shouldPrompt: false
DEBUG nx::native::ide::install: Editor command 'code' is installed
DEBUG nx::native::ide::install: Editor command 'code-insiders' not found
DEBUG nx::native::ide::install: Checking if Nx Console extension is installed with: code --list-extensions
DEBUG nx::native::ide::install: Nx Console extension is not installed
DEBUG nx::native::ide::install: Editor command 'cursor' not found
DEBUG nx::native::ide::install: Checking if Nx Console extension is installed with: cursor --list-extensions
DEBUG nx::native::ide::install: Command 'cursor' not found, cannot check extension status
[NX v22.6.5 Daemon Server] - 2026-04-13T16:31:03.068Z - [AI-AGENTS]: Agent configuration status computation completed: 0 fully configured, 0 outdated, 3 partially configured, 2 non-configured
[NX v22.6.5 Daemon Server] - 2026-04-13T17:03:13.262Z - [WATCHER]: Processing file changes in outputs
[NX v22.6.5 Daemon Server] - 2026-04-13T17:03:16.018Z - [WATCHER]: Processing file changes in outputs
[NX v22.6.5 Daemon Server] - 2026-04-13T17:04:46.837Z - [WATCHER]: 0 file(s) created or restored, 0 file(s) modified, 0 file(s) deleted
[NX v22.6.5 Daemon Server] - 2026-04-13T17:04:47.039Z - [REQUEST]: Updated workspace context based on watched changes, recomputing project graph...
[NX v22.6.5 Daemon Server] - 2026-04-13T17:04:47.039Z - [REQUEST]: 
[NX v22.6.5 Daemon Server] - 2026-04-13T17:04:47.039Z - [REQUEST]: 
[NX v22.6.5 Daemon Server] - 2026-04-13T17:04:47.043Z - Time taken for 'hash changed files from watcher' 0.18345899996347725ms
Time taken for 'plugin worker 85577 code loading' 82.61095800000001ms
Time taken for 'plugin worker 85578 code loading' 82.61545799999999ms
Time taken for 'plugin worker 85579 code loading' 81.661584ms
[NX v22.6.5 Daemon Server] - 2026-04-13T17:04:47.153Z - Time taken for 'start-plugin-worker:nx/js/dependencies-and-lockfile' 112.26716700010002ms
[NX v22.6.5 Daemon Server] - 2026-04-13T17:04:47.153Z - Time taken for 'start-plugin-worker:nx/core/package-json' 111.60929200006649ms
[NX v22.6.5 Daemon Server] - 2026-04-13T17:04:47.153Z - Time taken for 'start-plugin-worker:nx/core/project-json' 111.11774999997579ms
Time taken for 'nx/js/dependencies-and-lockfile:createNodes' 0.22304200000002083ms
[NX v22.6.5 Daemon Server] - 2026-04-13T17:04:47.205Z - Time taken for 'build-project-configs' 161.86008300003596ms
[NX v22.6.5 Daemon Server] - 2026-04-13T17:04:47.205Z - Time taken for 'createNodes:merge' 0.04729099990800023ms
[NX v22.6.5 Daemon Server] - 2026-04-13T17:04:47.205Z - Time taken for 'get-all-workspace-files' 0.548291000071913ms
[NX v22.6.5 Daemon Server] - 2026-04-13T17:04:47.206Z - [SYNC]: collect registered sync generators
[NX v22.6.5 Daemon Server] - 2026-04-13T17:04:47.206Z - [SYNC]: project graph hash is the same, not collecting task sync generators
[NX v22.6.5 Daemon Server] - 2026-04-13T17:04:47.206Z - [SYNC]: nx.json hash is the same, not collecting global sync generators
[NX v22.6.5 Daemon Server] - 2026-04-13T17:04:47.206Z - Time taken for 'total execution time for createProjectGraph()' 2.2989590000361204ms
[NX v22.6.5 Daemon Server] - 2026-04-13T17:04:47.206Z - Time taken for 'createDependencies' 1.2632919999305159ms
[NX v22.6.5 Daemon Server] - 2026-04-13T17:04:47.206Z - Time taken for 'nx/js/dependencies-and-lockfile:createDependencies' 1.208917000098154ms
[NX v22.6.5 Daemon Server] - 2026-04-13T17:04:47.206Z - Time taken for 'createMetadata' 0.013082999968901277ms
[NX v22.6.5 Daemon Server] - 2026-04-13T17:04:47.206Z - Time taken for 'serialize graph' 0.0020000000949949026ms
[NX v22.6.5 Daemon Server] - 2026-04-13T17:05:18.037Z - [WATCHER]: Processing file changes in outputs
[NX v22.6.5 Daemon Server] - 2026-04-13T17:06:34.672Z - [WATCHER]: package.json was created or restored
[NX v22.6.5 Daemon Server] - 2026-04-13T17:06:34.672Z - [SYNC]: clearing sync generators cache due to file changes
[NX v22.6.5 Daemon Server] - 2026-04-13T17:06:34.673Z - [WATCHER]: Processing file changes in outputs
[NX v22.6.5 Daemon Server] - 2026-04-13T17:06:34.777Z - [REQUEST]: Updated workspace context based on watched changes, recomputing project graph...
[NX v22.6.5 Daemon Server] - 2026-04-13T17:06:34.778Z - [REQUEST]: package.json
[NX v22.6.5 Daemon Server] - 2026-04-13T17:06:34.778Z - [REQUEST]: 
[NX v22.6.5 Daemon Server] - 2026-04-13T17:06:34.794Z - Time taken for 'hash changed files from watcher' 1.033209000248462ms
Time taken for 'plugin worker 85721 code loading' 67.517041ms
[NX v22.6.5 Daemon Server] - 2026-04-13T17:06:34.907Z - Time taken for 'start-plugin-worker:nx/js/dependencies-and-lockfile' 127.92708299960941ms
Time taken for 'plugin worker 85722 code loading' 62.934292ms
Time taken for 'plugin worker 85723 code loading' 62.035375ms
[NX v22.6.5 Daemon Server] - 2026-04-13T17:06:34.919Z - Time taken for 'start-plugin-worker:nx/core/package-json' 129.99754099966958ms
[NX v22.6.5 Daemon Server] - 2026-04-13T17:06:34.919Z - Time taken for 'start-plugin-worker:nx/core/project-json' 127.47712499974295ms
Time taken for 'nx/js/dependencies-and-lockfile:createNodes' 0.08558399999999722ms
[NX v22.6.5 Daemon Server] - 2026-04-13T17:06:34.949Z - Time taken for 'build-project-configs' 169.10400000028312ms
[NX v22.6.5 Daemon Server] - 2026-04-13T17:06:34.949Z - Time taken for 'createNodes:merge' 0.017916999757289886ms
[NX v22.6.5 Daemon Server] - 2026-04-13T17:06:34.949Z - Time taken for 'get-all-workspace-files' 0.09166599996387959ms
[NX v22.6.5 Daemon Server] - 2026-04-13T17:06:34.950Z - [SYNC]: collect registered sync generators
[NX v22.6.5 Daemon Server] - 2026-04-13T17:06:34.950Z - [SYNC]: project graph hash is the same, not collecting task sync generators
[NX v22.6.5 Daemon Server] - 2026-04-13T17:06:34.950Z - [SYNC]: nx.json hash is the same, not collecting global sync generators
[NX v22.6.5 Daemon Server] - 2026-04-13T17:06:34.950Z - Time taken for 'total execution time for createProjectGraph()' 1.2717090002261102ms
[NX v22.6.5 Daemon Server] - 2026-04-13T17:06:34.950Z - Time taken for 'createDependencies' 0.8607919998466969ms
[NX v22.6.5 Daemon Server] - 2026-04-13T17:06:34.950Z - Time taken for 'nx/js/dependencies-and-lockfile:createDependencies' 0.8307500001974404ms
[NX v22.6.5 Daemon Server] - 2026-04-13T17:06:34.950Z - Time taken for 'createMetadata' 0.011082999873906374ms
[NX v22.6.5 Daemon Server] - 2026-04-13T17:06:34.950Z - Time taken for 'serialize graph' 0.0021660001948475838ms
[NX v22.6.5 Daemon Server] - 2026-04-13T17:06:41.110Z - [WATCHER]: Processing file changes in outputs
[NX v22.6.5 Daemon Server] - 2026-04-13T17:06:41.111Z - [WATCHER]: pnpm-workspace.yaml was created or restored
[NX v22.6.5 Daemon Server] - 2026-04-13T17:06:41.111Z - [SYNC]: clearing sync generators cache due to file changes
[NX v22.6.5 Daemon Server] - 2026-04-13T17:06:41.215Z - [REQUEST]: Updated workspace context based on watched changes, recomputing project graph...
[NX v22.6.5 Daemon Server] - 2026-04-13T17:06:41.216Z - [REQUEST]: pnpm-workspace.yaml
[NX v22.6.5 Daemon Server] - 2026-04-13T17:06:41.216Z - [REQUEST]: 
[NX v22.6.5 Daemon Server] - 2026-04-13T17:06:41.224Z - Time taken for 'hash changed files from watcher' 0.7084590001031756ms
Time taken for 'plugin worker 85725 code loading' 65.541292ms
Time taken for 'plugin worker 85726 code loading' 63.94574999999999ms
Time taken for 'plugin worker 85727 code loading' 63.911375ms
[NX v22.6.5 Daemon Server] - 2026-04-13T17:06:41.347Z - Time taken for 'start-plugin-worker:nx/js/dependencies-and-lockfile' 130.56329099973664ms
[NX v22.6.5 Daemon Server] - 2026-04-13T17:06:41.347Z - Time taken for 'start-plugin-worker:nx/core/package-json' 127.24970899987966ms
[NX v22.6.5 Daemon Server] - 2026-04-13T17:06:41.347Z - Time taken for 'start-plugin-worker:nx/core/project-json' 125.7504999996163ms
[NX v22.6.5 Daemon Server] - 2026-04-13T17:06:41.379Z - Time taken for 'build-project-configs' 161.8498749998398ms
[NX v22.6.5 Daemon Server] - 2026-04-13T17:06:41.379Z - Time taken for 'createNodes:merge' 0.01658400008454919ms
[NX v22.6.5 Daemon Server] - 2026-04-13T17:06:41.379Z - Time taken for 'get-all-workspace-files' 0.11816600011661649ms
Time taken for 'nx/js/dependencies-and-lockfile:createNodes' 0.08866700000000094ms
[NX v22.6.5 Daemon Server] - 2026-04-13T17:06:41.380Z - [SYNC]: collect registered sync generators
[NX v22.6.5 Daemon Server] - 2026-04-13T17:06:41.380Z - [SYNC]: project graph hash is the same, not collecting task sync generators
[NX v22.6.5 Daemon Server] - 2026-04-13T17:06:41.380Z - [SYNC]: nx.json hash is the same, not collecting global sync generators
[NX v22.6.5 Daemon Server] - 2026-04-13T17:06:41.380Z - Time taken for 'total execution time for createProjectGraph()' 1.2735409997403622ms
[NX v22.6.5 Daemon Server] - 2026-04-13T17:06:41.380Z - Time taken for 'createDependencies' 0.8874160000123084ms
[NX v22.6.5 Daemon Server] - 2026-04-13T17:06:41.380Z - Time taken for 'nx/js/dependencies-and-lockfile:createDependencies' 0.8555419999174774ms
[NX v22.6.5 Daemon Server] - 2026-04-13T17:06:41.380Z - Time taken for 'createMetadata' 0.007832999806851149ms
[NX v22.6.5 Daemon Server] - 2026-04-13T17:06:41.380Z - Time taken for 'serialize graph' 0.0019590002484619617ms
[NX v22.6.5 Daemon Server] - 2026-04-13T17:06:42.405Z - [WATCHER]: nx.json was created or restored
[NX v22.6.5 Daemon Server] - 2026-04-13T17:06:42.405Z - [SYNC]: clearing sync generators cache due to file changes
[NX v22.6.5 Daemon Server] - 2026-04-13T17:06:42.406Z - [WATCHER]: Processing file changes in outputs
[NX v22.6.5 Daemon Server] - 2026-04-13T17:06:42.509Z - [REQUEST]: Updated workspace context based on watched changes, recomputing project graph...
[NX v22.6.5 Daemon Server] - 2026-04-13T17:06:42.509Z - [REQUEST]: nx.json
[NX v22.6.5 Daemon Server] - 2026-04-13T17:06:42.509Z - [REQUEST]: 
[NX v22.6.5 Daemon Server] - 2026-04-13T17:06:42.520Z - Time taken for 'hash changed files from watcher' 1.1687909997999668ms
Time taken for 'plugin worker 85729 code loading' 62.59195799999999ms
Time taken for 'plugin worker 85728 code loading' 66.075709ms
Time taken for 'plugin worker 85730 code loading' 66.600041ms
[NX v22.6.5 Daemon Server] - 2026-04-13T17:06:42.651Z - Time taken for 'start-plugin-worker:nx/js/dependencies-and-lockfile' 139.75916599994525ms
[NX v22.6.5 Daemon Server] - 2026-04-13T17:06:42.651Z - Time taken for 'start-plugin-worker:nx/core/package-json' 136.18604200007394ms
[NX v22.6.5 Daemon Server] - 2026-04-13T17:06:42.651Z - Time taken for 'start-plugin-worker:nx/core/project-json' 133.82933299988508ms
[NX v22.6.5 Daemon Server] - 2026-04-13T17:06:42.684Z - Time taken for 'build-project-configs' 171.94450000021607ms
[NX v22.6.5 Daemon Server] - 2026-04-13T17:06:42.684Z - Time taken for 'createNodes:merge' 0.013875000178813934ms
[NX v22.6.5 Daemon Server] - 2026-04-13T17:06:42.684Z - Time taken for 'get-all-workspace-files' 0.09874999988824129ms
Time taken for 'nx/js/dependencies-and-lockfile:createNodes' 0.0870830000000069ms
[NX v22.6.5 Daemon Server] - 2026-04-13T17:06:42.684Z - [SYNC]: collect registered sync generators
[NX v22.6.5 Daemon Server] - 2026-04-13T17:06:42.685Z - [SYNC]: project graph hash is the same, not collecting task sync generators
[NX v22.6.5 Daemon Server] - 2026-04-13T17:06:42.685Z - [SYNC]: nx.json hash is the same, not collecting global sync generators
[NX v22.6.5 Daemon Server] - 2026-04-13T17:06:42.685Z - Time taken for 'total execution time for createProjectGraph()' 1.2292500003241003ms
[NX v22.6.5 Daemon Server] - 2026-04-13T17:06:42.685Z - Time taken for 'createDependencies' 0.835166999604553ms
[NX v22.6.5 Daemon Server] - 2026-04-13T17:06:42.685Z - Time taken for 'nx/js/dependencies-and-lockfile:createDependencies' 0.8032920002005994ms
[NX v22.6.5 Daemon Server] - 2026-04-13T17:06:42.685Z - Time taken for 'createMetadata' 0.007666999939829111ms
[NX v22.6.5 Daemon Server] - 2026-04-13T17:06:42.685Z - Time taken for 'serialize graph' 0.002416000235825777ms
[NX v22.6.5 Daemon Server] - 2026-04-13T17:06:44.372Z - [WATCHER]: tsconfig.base.json was created or restored
[NX v22.6.5 Daemon Server] - 2026-04-13T17:06:44.372Z - [SYNC]: clearing sync generators cache due to file changes
[NX v22.6.5 Daemon Server] - 2026-04-13T17:06:44.372Z - [WATCHER]: Processing file changes in outputs
[NX v22.6.5 Daemon Server] - 2026-04-13T17:06:44.474Z - [REQUEST]: Updated workspace context based on watched changes, recomputing project graph...
[NX v22.6.5 Daemon Server] - 2026-04-13T17:06:44.474Z - [REQUEST]: tsconfig.base.json
[NX v22.6.5 Daemon Server] - 2026-04-13T17:06:44.474Z - [REQUEST]: 
[NX v22.6.5 Daemon Server] - 2026-04-13T17:06:44.481Z - Time taken for 'hash changed files from watcher' 0.6685419999994338ms
Time taken for 'plugin worker 85731 code loading' 67.042084ms
Time taken for 'plugin worker 85733 code loading' 67.23320799999999ms
Time taken for 'plugin worker 85732 code loading' 67.608083ms
[NX v22.6.5 Daemon Server] - 2026-04-13T17:06:44.607Z - Time taken for 'start-plugin-worker:nx/js/dependencies-and-lockfile' 130.94687499990687ms
[NX v22.6.5 Daemon Server] - 2026-04-13T17:06:44.607Z - Time taken for 'start-plugin-worker:nx/core/package-json' 128.4420829997398ms
[NX v22.6.5 Daemon Server] - 2026-04-13T17:06:44.607Z - Time taken for 'start-plugin-worker:nx/core/project-json' 126.70550000015646ms
[NX v22.6.5 Daemon Server] - 2026-04-13T17:06:44.638Z - Time taken for 'build-project-configs' 161.68766600033268ms
[NX v22.6.5 Daemon Server] - 2026-04-13T17:06:44.639Z - Time taken for 'createNodes:merge' 0.01383400009945035ms
[NX v22.6.5 Daemon Server] - 2026-04-13T17:06:44.639Z - Time taken for 'get-all-workspace-files' 0.09858299978077412ms
Time taken for 'nx/js/dependencies-and-lockfile:createNodes' 0.08787499999999682ms
[NX v22.6.5 Daemon Server] - 2026-04-13T17:06:44.640Z - [SYNC]: collect registered sync generators
[NX v22.6.5 Daemon Server] - 2026-04-13T17:06:44.640Z - [SYNC]: project graph hash is the same, not collecting task sync generators
[NX v22.6.5 Daemon Server] - 2026-04-13T17:06:44.640Z - [SYNC]: nx.json hash is the same, not collecting global sync generators
[NX v22.6.5 Daemon Server] - 2026-04-13T17:06:44.640Z - Time taken for 'total execution time for createProjectGraph()' 2.164541999809444ms
[NX v22.6.5 Daemon Server] - 2026-04-13T17:06:44.640Z - Time taken for 'createDependencies' 1.149874999653548ms
[NX v22.6.5 Daemon Server] - 2026-04-13T17:06:44.640Z - Time taken for 'nx/js/dependencies-and-lockfile:createDependencies' 1.1070419996976852ms
[NX v22.6.5 Daemon Server] - 2026-04-13T17:06:44.640Z - Time taken for 'createMetadata' 0.010125000029802322ms
[NX v22.6.5 Daemon Server] - 2026-04-13T17:06:44.640Z - Time taken for 'serialize graph' 0.0022909999825060368ms
[NX v22.6.5 Daemon Server] - 2026-04-13T17:06:46.111Z - [WATCHER]: apps/api/package.json was created or restored
[NX v22.6.5 Daemon Server] - 2026-04-13T17:06:46.111Z - [SYNC]: clearing sync generators cache due to file changes
[NX v22.6.5 Daemon Server] - 2026-04-13T17:06:46.111Z - [WATCHER]: Processing file changes in outputs
[NX v22.6.5 Daemon Server] - 2026-04-13T17:06:46.214Z - [REQUEST]: Updated workspace context based on watched changes, recomputing project graph...
[NX v22.6.5 Daemon Server] - 2026-04-13T17:06:46.214Z - [REQUEST]: apps/api/package.json
[NX v22.6.5 Daemon Server] - 2026-04-13T17:06:46.214Z - [REQUEST]: 
[NX v22.6.5 Daemon Server] - 2026-04-13T17:06:46.224Z - Time taken for 'hash changed files from watcher' 1.0509999999776483ms
Time taken for 'plugin worker 85734 code loading' 64.146375ms
Time taken for 'plugin worker 85735 code loading' 64.83141699999999ms
Time taken for 'plugin worker 85736 code loading' 62.76704199999999ms
[NX v22.6.5 Daemon Server] - 2026-04-13T17:06:46.353Z - Time taken for 'start-plugin-worker:nx/js/dependencies-and-lockfile' 137.18679200019687ms
[NX v22.6.5 Daemon Server] - 2026-04-13T17:06:46.353Z - Time taken for 'start-plugin-worker:nx/core/package-json' 133.3236669995822ms
[NX v22.6.5 Daemon Server] - 2026-04-13T17:06:46.353Z - Time taken for 'start-plugin-worker:nx/core/project-json' 131.38670800020918ms
Time taken for 'nx/js/dependencies-and-lockfile:createNodes' 0.08591599999999744ms
[NX v22.6.5 Daemon Server] - 2026-04-13T17:06:46.389Z - Time taken for 'build-project-configs' 172.92125000013039ms
[NX v22.6.5 Daemon Server] - 2026-04-13T17:06:46.389Z - Time taken for 'createNodes:merge' 2.337250000331551ms
[NX v22.6.5 Daemon Server] - 2026-04-13T17:06:46.389Z - Time taken for 'native-file-deps' 0.0012909998185932636ms
[NX v22.6.5 Daemon Server] - 2026-04-13T17:06:46.389Z - Time taken for 'get-workspace-files' 0.30504100024700165ms
[NX v22.6.5 Daemon Server] - 2026-04-13T17:06:46.389Z - Time taken for 'get-all-workspace-files' 0.03112499974668026ms
[NX v22.6.5 Daemon Server] - 2026-04-13T17:06:46.391Z - [SYNC]: collect registered sync generators
[NX v22.6.5 Daemon Server] - 2026-04-13T17:06:46.391Z - [SYNC]: nx.json hash is the same, not collecting global sync generators
[NX v22.6.5 Daemon Server] - 2026-04-13T17:06:46.391Z - Time taken for 'total execution time for createProjectGraph()' 2.7623749999329448ms
[NX v22.6.5 Daemon Server] - 2026-04-13T17:06:46.391Z - Time taken for 'createDependencies' 2.074165999889374ms
[NX v22.6.5 Daemon Server] - 2026-04-13T17:06:46.391Z - Time taken for 'nx/js/dependencies-and-lockfile:createDependencies' 2.043084000237286ms
[NX v22.6.5 Daemon Server] - 2026-04-13T17:06:46.391Z - Time taken for 'createMetadata' 0.00829199980944395ms
[NX v22.6.5 Daemon Server] - 2026-04-13T17:06:46.391Z - Time taken for 'serialize graph' 0.01658299984410405ms
[NX v22.6.5 Daemon Server] - 2026-04-13T17:06:47.909Z - [WATCHER]: apps/petabase/package.json was created or restored
[NX v22.6.5 Daemon Server] - 2026-04-13T17:06:47.909Z - [SYNC]: clearing sync generators cache due to file changes
[NX v22.6.5 Daemon Server] - 2026-04-13T17:06:47.910Z - [WATCHER]: Processing file changes in outputs
[NX v22.6.5 Daemon Server] - 2026-04-13T17:06:48.012Z - [REQUEST]: Updated workspace context based on watched changes, recomputing project graph...
[NX v22.6.5 Daemon Server] - 2026-04-13T17:06:48.012Z - [REQUEST]: apps/petabase/package.json
[NX v22.6.5 Daemon Server] - 2026-04-13T17:06:48.012Z - [REQUEST]: 
[NX v22.6.5 Daemon Server] - 2026-04-13T17:06:48.020Z - Time taken for 'hash changed files from watcher' 0.5131660001352429ms
[NX v22.6.5 Daemon Server] - 2026-04-13T17:06:48.143Z - Time taken for 'start-plugin-worker:nx/js/dependencies-and-lockfile' 129.6170420004055ms
[NX v22.6.5 Daemon Server] - 2026-04-13T17:06:48.143Z - Time taken for 'start-plugin-worker:nx/core/package-json' 127.92029199982062ms
[NX v22.6.5 Daemon Server] - 2026-04-13T17:06:48.143Z - Time taken for 'start-plugin-worker:nx/core/project-json' 125.81170900026336ms
Time taken for 'plugin worker 85738 code loading' 66.475125ms
Time taken for 'plugin worker 85737 code loading' 66.676458ms
Time taken for 'plugin worker 85739 code loading' 66.39883300000001ms
Time taken for 'nx/js/dependencies-and-lockfile:createNodes' 0.08091699999999946ms
[NX v22.6.5 Daemon Server] - 2026-04-13T17:06:48.177Z - Time taken for 'build-project-configs' 163.48183300020173ms
[NX v22.6.5 Daemon Server] - 2026-04-13T17:06:48.177Z - Time taken for 'createNodes:merge' 0.19312500022351742ms
[NX v22.6.5 Daemon Server] - 2026-04-13T17:06:48.177Z - Time taken for 'native-file-deps' 0.0014169998466968536ms
[NX v22.6.5 Daemon Server] - 2026-04-13T17:06:48.177Z - Time taken for 'get-workspace-files' 0.3291249996982515ms
[NX v22.6.5 Daemon Server] - 2026-04-13T17:06:48.177Z - Time taken for 'get-all-workspace-files' 0.029125000350177288ms
[NX v22.6.5 Daemon Server] - 2026-04-13T17:06:48.179Z - [SYNC]: collect registered sync generators
[NX v22.6.5 Daemon Server] - 2026-04-13T17:06:48.180Z - [SYNC]: nx.json hash is the same, not collecting global sync generators
[NX v22.6.5 Daemon Server] - 2026-04-13T17:06:48.180Z - Time taken for 'total execution time for createProjectGraph()' 2.7600420000962913ms
[NX v22.6.5 Daemon Server] - 2026-04-13T17:06:48.180Z - Time taken for 'createDependencies' 2.195542000234127ms
[NX v22.6.5 Daemon Server] - 2026-04-13T17:06:48.180Z - Time taken for 'nx/js/dependencies-and-lockfile:createDependencies' 2.1615840001031756ms
[NX v22.6.5 Daemon Server] - 2026-04-13T17:06:48.180Z - Time taken for 'createMetadata' 0.008082999847829342ms
[NX v22.6.5 Daemon Server] - 2026-04-13T17:06:48.180Z - Time taken for 'serialize graph' 0.025375000201165676ms
[NX v22.6.5 Daemon Server] - 2026-04-13T17:06:49.597Z - [WATCHER]: packages/types/package.json was created or restored
[NX v22.6.5 Daemon Server] - 2026-04-13T17:06:49.597Z - [SYNC]: clearing sync generators cache due to file changes
[NX v22.6.5 Daemon Server] - 2026-04-13T17:06:49.598Z - [WATCHER]: Processing file changes in outputs
[NX v22.6.5 Daemon Server] - 2026-04-13T17:06:49.701Z - [REQUEST]: Updated workspace context based on watched changes, recomputing project graph...
[NX v22.6.5 Daemon Server] - 2026-04-13T17:06:49.702Z - [REQUEST]: packages/types/package.json
[NX v22.6.5 Daemon Server] - 2026-04-13T17:06:49.702Z - [REQUEST]: 
[NX v22.6.5 Daemon Server] - 2026-04-13T17:06:49.713Z - Time taken for 'hash changed files from watcher' 1.1589579996652901ms
Time taken for 'plugin worker 85742 code loading' 62.15925000000001ms
Time taken for 'plugin worker 85740 code loading' 63.620417ms
Time taken for 'plugin worker 85741 code loading' 67.11291700000001ms
[NX v22.6.5 Daemon Server] - 2026-04-13T17:06:49.836Z - Time taken for 'start-plugin-worker:nx/js/dependencies-and-lockfile' 133.11945799971ms
[NX v22.6.5 Daemon Server] - 2026-04-13T17:06:49.836Z - Time taken for 'start-plugin-worker:nx/core/package-json' 127.95570799987763ms
[NX v22.6.5 Daemon Server] - 2026-04-13T17:06:49.836Z - Time taken for 'start-plugin-worker:nx/core/project-json' 125.57374999998137ms
Time taken for 'nx/js/dependencies-and-lockfile:createNodes' 0.0827080000000251ms
[NX v22.6.5 Daemon Server] - 2026-04-13T17:06:49.871Z - Time taken for 'build-project-configs' 167.03324999986216ms
[NX v22.6.5 Daemon Server] - 2026-04-13T17:06:49.871Z - Time taken for 'createNodes:merge' 0.1689169998280704ms
[NX v22.6.5 Daemon Server] - 2026-04-13T17:06:49.871Z - Time taken for 'native-file-deps' 0.0012079998850822449ms
[NX v22.6.5 Daemon Server] - 2026-04-13T17:06:49.871Z - Time taken for 'get-workspace-files' 0.31483300030231476ms
[NX v22.6.5 Daemon Server] - 2026-04-13T17:06:49.871Z - Time taken for 'get-all-workspace-files' 0.029583000112324953ms
[NX v22.6.5 Daemon Server] - 2026-04-13T17:06:49.873Z - [SYNC]: collect registered sync generators
[NX v22.6.5 Daemon Server] - 2026-04-13T17:06:49.873Z - [SYNC]: nx.json hash is the same, not collecting global sync generators
[NX v22.6.5 Daemon Server] - 2026-04-13T17:06:49.873Z - Time taken for 'total execution time for createProjectGraph()' 2.6382090002298355ms
[NX v22.6.5 Daemon Server] - 2026-04-13T17:06:49.873Z - Time taken for 'createDependencies' 1.8393749999813735ms
[NX v22.6.5 Daemon Server] - 2026-04-13T17:06:49.873Z - Time taken for 'nx/js/dependencies-and-lockfile:createDependencies' 1.8045410001650453ms
[NX v22.6.5 Daemon Server] - 2026-04-13T17:06:49.873Z - Time taken for 'createMetadata' 0.009291999973356724ms
[NX v22.6.5 Daemon Server] - 2026-04-13T17:06:49.873Z - Time taken for 'serialize graph' 0.03562500001862645ms
[NX v22.6.5 Daemon Server] - 2026-04-13T17:06:51.628Z - [WATCHER]: .planning/STATE.md was created or restored
[NX v22.6.5 Daemon Server] - 2026-04-13T17:06:51.629Z - [SYNC]: clearing sync generators cache due to file changes
[NX v22.6.5 Daemon Server] - 2026-04-13T17:06:51.629Z - [WATCHER]: Processing file changes in outputs
[NX v22.6.5 Daemon Server] - 2026-04-13T17:06:51.732Z - [REQUEST]: Updated workspace context based on watched changes, recomputing project graph...
[NX v22.6.5 Daemon Server] - 2026-04-13T17:06:51.732Z - [REQUEST]: .planning/STATE.md
[NX v22.6.5 Daemon Server] - 2026-04-13T17:06:51.732Z - [REQUEST]: 
[NX v22.6.5 Daemon Server] - 2026-04-13T17:06:51.738Z - Time taken for 'hash changed files from watcher' 0.7755829999223351ms
Time taken for 'plugin worker 85744 code loading' 67.636583ms
Time taken for 'plugin worker 85743 code loading' 68.142708ms
Time taken for 'plugin worker 85745 code loading' 63.423041ms
[NX v22.6.5 Daemon Server] - 2026-04-13T17:06:51.864Z - Time taken for 'start-plugin-worker:nx/js/dependencies-and-lockfile' 130.7475829999894ms
[NX v22.6.5 Daemon Server] - 2026-04-13T17:06:51.864Z - Time taken for 'start-plugin-worker:nx/core/package-json' 128.73695900011808ms
[NX v22.6.5 Daemon Server] - 2026-04-13T17:06:51.864Z - Time taken for 'start-plugin-worker:nx/core/project-json' 127.6318330001086ms
Time taken for 'nx/js/dependencies-and-lockfile:createNodes' 0.08170800000002032ms
[NX v22.6.5 Daemon Server] - 2026-04-13T17:06:51.898Z - Time taken for 'build-project-configs' 164.28516700025648ms
[NX v22.6.5 Daemon Server] - 2026-04-13T17:06:51.898Z - Time taken for 'createNodes:merge' 0.13437499990686774ms
[NX v22.6.5 Daemon Server] - 2026-04-13T17:06:51.898Z - Time taken for 'get-all-workspace-files' 0.11200000019744039ms
[NX v22.6.5 Daemon Server] - 2026-04-13T17:06:51.899Z - [SYNC]: collect registered sync generators
[NX v22.6.5 Daemon Server] - 2026-04-13T17:06:51.899Z - [SYNC]: project graph hash is the same, not collecting task sync generators
[NX v22.6.5 Daemon Server] - 2026-04-13T17:06:51.899Z - [SYNC]: nx.json hash is the same, not collecting global sync generators
[NX v22.6.5 Daemon Server] - 2026-04-13T17:06:51.899Z - Time taken for 'total execution time for createProjectGraph()' 1.4736659997142851ms
[NX v22.6.5 Daemon Server] - 2026-04-13T17:06:51.900Z - Time taken for 'createDependencies' 0.906415999867022ms
[NX v22.6.5 Daemon Server] - 2026-04-13T17:06:51.900Z - Time taken for 'nx/js/dependencies-and-lockfile:createDependencies' 0.8774170000106096ms
[NX v22.6.5 Daemon Server] - 2026-04-13T17:06:51.900Z - Time taken for 'createMetadata' 0.009083000011742115ms
[NX v22.6.5 Daemon Server] - 2026-04-13T17:06:51.900Z - Time taken for 'serialize graph' 0.03241700027137995ms
[NX v22.6.5 Daemon Server] - 2026-04-13T17:06:54.895Z - [WATCHER]: Processing file changes in outputs
[NX v22.6.5 Daemon Server] - 2026-04-13T17:06:54.895Z - [WATCHER]: .planning/ROADMAP.md was created or restored
[NX v22.6.5 Daemon Server] - 2026-04-13T17:06:54.895Z - [SYNC]: clearing sync generators cache due to file changes
[NX v22.6.5 Daemon Server] - 2026-04-13T17:06:54.998Z - [REQUEST]: Updated workspace context based on watched changes, recomputing project graph...
[NX v22.6.5 Daemon Server] - 2026-04-13T17:06:54.998Z - [REQUEST]: .planning/ROADMAP.md
[NX v22.6.5 Daemon Server] - 2026-04-13T17:06:54.998Z - [REQUEST]: 
[NX v22.6.5 Daemon Server] - 2026-04-13T17:06:55.008Z - Time taken for 'hash changed files from watcher' 0.9162500002421439ms
Time taken for 'plugin worker 85749 code loading' 69.336083ms
Time taken for 'plugin worker 85747 code loading' 65.48474999999999ms
Time taken for 'plugin worker 85748 code loading' 68.187083ms
[NX v22.6.5 Daemon Server] - 2026-04-13T17:06:55.137Z - Time taken for 'start-plugin-worker:nx/js/dependencies-and-lockfile' 137.88354199985042ms
[NX v22.6.5 Daemon Server] - 2026-04-13T17:06:55.137Z - Time taken for 'start-plugin-worker:nx/core/package-json' 134.20120899984613ms
[NX v22.6.5 Daemon Server] - 2026-04-13T17:06:55.137Z - Time taken for 'start-plugin-worker:nx/core/project-json' 132.45420799963176ms
Time taken for 'nx/js/dependencies-and-lockfile:createNodes' 0.08800000000002228ms
[NX v22.6.5 Daemon Server] - 2026-04-13T17:06:55.174Z - Time taken for 'build-project-configs' 173.56058399984613ms
[NX v22.6.5 Daemon Server] - 2026-04-13T17:06:55.174Z - Time taken for 'createNodes:merge' 0.1285839998163283ms
[NX v22.6.5 Daemon Server] - 2026-04-13T17:06:55.174Z - Time taken for 'get-all-workspace-files' 0.09299999987706542ms
[NX v22.6.5 Daemon Server] - 2026-04-13T17:06:55.175Z - [SYNC]: collect registered sync generators
[NX v22.6.5 Daemon Server] - 2026-04-13T17:06:55.175Z - [SYNC]: project graph hash is the same, not collecting task sync generators
[NX v22.6.5 Daemon Server] - 2026-04-13T17:06:55.175Z - [SYNC]: nx.json hash is the same, not collecting global sync generators
[NX v22.6.5 Daemon Server] - 2026-04-13T17:06:55.175Z - Time taken for 'total execution time for createProjectGraph()' 1.5195830003358424ms
[NX v22.6.5 Daemon Server] - 2026-04-13T17:06:55.175Z - Time taken for 'createDependencies' 1.0060840002261102ms
[NX v22.6.5 Daemon Server] - 2026-04-13T17:06:55.175Z - Time taken for 'nx/js/dependencies-and-lockfile:createDependencies' 0.9825829998590052ms
[NX v22.6.5 Daemon Server] - 2026-04-13T17:06:55.175Z - Time taken for 'createMetadata' 0.004875000100582838ms
[NX v22.6.5 Daemon Server] - 2026-04-13T17:06:55.175Z - Time taken for 'serialize graph' 0.0299579999409616ms
